2014-11-23T21:57:14.720-0800 [initandlisten] MongoDB starting : pid=72520 port=27017 dbpath=/Users/ddudhia/Documents/workspace/xoservice1/xoservice/data/db 64-bit host=LM-SJC-00870833
2014-11-23T21:57:14.720-0800 [initandlisten] 
2014-11-23T21:57:14.720-0800 [initandlisten] ** WARNING: soft rlimits too low. Number of files is 256, should be at least 1000
2014-11-23T21:57:14.720-0800 [initandlisten] db version v2.6.5
2014-11-23T21:57:14.720-0800 [initandlisten] git version: e99d4fcb4279c0279796f237aa92fe3b64560bf6
2014-11-23T21:57:14.721-0800 [initandlisten] build info: Darwin bs-osx108-1 12.5.0 Darwin Kernel Version 12.5.0: Sun Sep 29 13:33:47 PDT 2013; root:xnu-2050.48.12~1/RELEASE_X86_64 x86_64 BOOST_LIB_VERSION=1_49
2014-11-23T21:57:14.721-0800 [initandlisten] allocator: system
2014-11-23T21:57:14.721-0800 [initandlisten] options: { config: "/Users/ddudhia/mongodb/mongod.conf", processManagement: { fork: true }, storage: { dbPath: "/Users/ddudhia/Documents/workspace/xoservice1/xoservice/data/db" }, systemLog: { destination: "file", logAppend: true, path: "/Users/ddudhia/Documents/workspace/xoservice1/xoservice/data/mongod.log" } }
2014-11-23T21:57:14.721-0800 [initandlisten] exception in initAndListen: 10296 
*********************************************************************
 ERROR: dbpath (/Users/ddudhia/Documents/workspace/xoservice1/xoservice/data/db) does not exist.
 Create this directory or give existing directory in --dbpath.
 See http://dochub.mongodb.org/core/startingandstoppingmongo
*********************************************************************
, terminating
2014-11-23T21:57:14.721-0800 [initandlisten] dbexit: 
2014-11-23T21:57:14.721-0800 [initandlisten] shutdown: going to close listening sockets...
2014-11-23T21:57:14.721-0800 [initandlisten] shutdown: going to flush diaglog...
2014-11-23T21:57:14.721-0800 [initandlisten] shutdown: going to close sockets...
2014-11-23T21:57:14.722-0800 [initandlisten] shutdown: waiting for fs preallocator...
2014-11-23T21:57:14.722-0800 [initandlisten] shutdown: lock for final commit...
2014-11-23T21:57:14.722-0800 [initandlisten] shutdown: final commit...
2014-11-23T21:57:14.722-0800 [initandlisten] shutdown: closing all files...
2014-11-23T21:57:14.722-0800 [initandlisten] closeAllFiles() finished
2014-11-23T21:57:14.722-0800 [initandlisten] dbexit: really exiting now
2014-11-23T21:59:18.805-0800 ***** SERVER RESTARTED *****
2014-11-23T21:59:18.810-0800 [initandlisten] MongoDB starting : pid=72548 port=27017 dbpath=/Users/ddudhia/Documents/workspace/xoservice1/xoservice/data/db 64-bit host=LM-SJC-00870833
2014-11-23T21:59:18.810-0800 [initandlisten] 
2014-11-23T21:59:18.810-0800 [initandlisten] ** WARNING: soft rlimits too low. Number of files is 256, should be at least 1000
2014-11-23T21:59:18.811-0800 [initandlisten] db version v2.6.5
2014-11-23T21:59:18.811-0800 [initandlisten] git version: e99d4fcb4279c0279796f237aa92fe3b64560bf6
2014-11-23T21:59:18.811-0800 [initandlisten] build info: Darwin bs-osx108-1 12.5.0 Darwin Kernel Version 12.5.0: Sun Sep 29 13:33:47 PDT 2013; root:xnu-2050.48.12~1/RELEASE_X86_64 x86_64 BOOST_LIB_VERSION=1_49
2014-11-23T21:59:18.811-0800 [initandlisten] allocator: system
2014-11-23T21:59:18.811-0800 [initandlisten] options: { config: "/Users/ddudhia/mongodb/mongod.conf", processManagement: { fork: true }, storage: { dbPath: "/Users/ddudhia/Documents/workspace/xoservice1/xoservice/data/db" }, systemLog: { destination: "file", logAppend: true, path: "/Users/ddudhia/Documents/workspace/xoservice1/xoservice/data/mongod.log" } }
2014-11-23T21:59:18.811-0800 [initandlisten] exception in initAndListen: 10296 
*********************************************************************
 ERROR: dbpath (/Users/ddudhia/Documents/workspace/xoservice1/xoservice/data/db) does not exist.
 Create this directory or give existing directory in --dbpath.
 See http://dochub.mongodb.org/core/startingandstoppingmongo
*********************************************************************
, terminating
2014-11-23T21:59:18.811-0800 [initandlisten] dbexit: 
2014-11-23T21:59:18.811-0800 [initandlisten] shutdown: going to close listening sockets...
2014-11-23T21:59:18.811-0800 [initandlisten] shutdown: going to flush diaglog...
2014-11-23T21:59:18.812-0800 [initandlisten] shutdown: going to close sockets...
2014-11-23T21:59:18.812-0800 [initandlisten] shutdown: waiting for fs preallocator...
2014-11-23T21:59:18.812-0800 [initandlisten] shutdown: lock for final commit...
2014-11-23T21:59:18.812-0800 [initandlisten] shutdown: final commit...
2014-11-23T21:59:18.812-0800 [initandlisten] shutdown: closing all files...
2014-11-23T21:59:18.812-0800 [initandlisten] closeAllFiles() finished
2014-11-23T21:59:18.812-0800 [initandlisten] dbexit: really exiting now
2014-11-23T21:59:45.249-0800 ***** SERVER RESTARTED *****
2014-11-23T21:59:45.257-0800 [initandlisten] MongoDB starting : pid=72551 port=27017 dbpath=/Users/ddudhia/Documents/workspace/xoservice1/xoservice/data/db 64-bit host=LM-SJC-00870833
2014-11-23T21:59:45.257-0800 [initandlisten] 
2014-11-23T21:59:45.257-0800 [initandlisten] ** WARNING: soft rlimits too low. Number of files is 256, should be at least 1000
2014-11-23T21:59:45.258-0800 [initandlisten] db version v2.6.5
2014-11-23T21:59:45.258-0800 [initandlisten] git version: e99d4fcb4279c0279796f237aa92fe3b64560bf6
2014-11-23T21:59:45.258-0800 [initandlisten] build info: Darwin bs-osx108-1 12.5.0 Darwin Kernel Version 12.5.0: Sun Sep 29 13:33:47 PDT 2013; root:xnu-2050.48.12~1/RELEASE_X86_64 x86_64 BOOST_LIB_VERSION=1_49
2014-11-23T21:59:45.258-0800 [initandlisten] allocator: system
2014-11-23T21:59:45.258-0800 [initandlisten] options: { config: "/Users/ddudhia/mongodb/mongod.conf", processManagement: { fork: true }, storage: { dbPath: "/Users/ddudhia/Documents/workspace/xoservice1/xoservice/data/db" }, systemLog: { destination: "file", logAppend: true, path: "/Users/ddudhia/Documents/workspace/xoservice1/xoservice/data/mongod.log" } }
2014-11-23T21:59:45.258-0800 [initandlisten] exception in initAndListen: 10296 
*********************************************************************
 ERROR: dbpath (/Users/ddudhia/Documents/workspace/xoservice1/xoservice/data/db) does not exist.
 Create this directory or give existing directory in --dbpath.
 See http://dochub.mongodb.org/core/startingandstoppingmongo
*********************************************************************
, terminating
2014-11-23T21:59:45.258-0800 [initandlisten] dbexit: 
2014-11-23T21:59:45.258-0800 [initandlisten] shutdown: going to close listening sockets...
2014-11-23T21:59:45.259-0800 [initandlisten] shutdown: going to flush diaglog...
2014-11-23T21:59:45.259-0800 [initandlisten] shutdown: going to close sockets...
2014-11-23T21:59:45.259-0800 [initandlisten] shutdown: waiting for fs preallocator...
2014-11-23T21:59:45.259-0800 [initandlisten] shutdown: lock for final commit...
2014-11-23T21:59:45.259-0800 [initandlisten] shutdown: final commit...
2014-11-23T21:59:45.259-0800 [initandlisten] shutdown: closing all files...
2014-11-23T21:59:45.259-0800 [initandlisten] closeAllFiles() finished
2014-11-23T21:59:45.259-0800 [initandlisten] dbexit: really exiting now
2014-11-23T22:01:18.318-0800 ***** SERVER RESTARTED *****
2014-11-23T22:01:18.323-0800 [initandlisten] MongoDB starting : pid=72567 port=27017 dbpath=/Users/ddudhia/Documents/workspace/xoservice1/xoservice/data/db 64-bit host=LM-SJC-00870833
2014-11-23T22:01:18.323-0800 [initandlisten] 
2014-11-23T22:01:18.323-0800 [initandlisten] ** WARNING: soft rlimits too low. Number of files is 256, should be at least 1000
2014-11-23T22:01:18.324-0800 [initandlisten] db version v2.6.5
2014-11-23T22:01:18.324-0800 [initandlisten] git version: e99d4fcb4279c0279796f237aa92fe3b64560bf6
2014-11-23T22:01:18.324-0800 [initandlisten] build info: Darwin bs-osx108-1 12.5.0 Darwin Kernel Version 12.5.0: Sun Sep 29 13:33:47 PDT 2013; root:xnu-2050.48.12~1/RELEASE_X86_64 x86_64 BOOST_LIB_VERSION=1_49
2014-11-23T22:01:18.324-0800 [initandlisten] allocator: system
2014-11-23T22:01:18.324-0800 [initandlisten] options: { config: "/Users/ddudhia/mongodb/mongod.conf", processManagement: { fork: true }, storage: { dbPath: "/Users/ddudhia/Documents/workspace/xoservice1/xoservice/data/db" }, systemLog: { destination: "file", logAppend: true, path: "/Users/ddudhia/Documents/workspace/xoservice1/xoservice/data/mongod.log" } }
2014-11-23T22:01:18.324-0800 [initandlisten] exception in initAndListen: 10296 
*********************************************************************
 ERROR: dbpath (/Users/ddudhia/Documents/workspace/xoservice1/xoservice/data/db) does not exist.
 Create this directory or give existing directory in --dbpath.
 See http://dochub.mongodb.org/core/startingandstoppingmongo
*********************************************************************
, terminating
2014-11-23T22:01:18.324-0800 [initandlisten] dbexit: 
2014-11-23T22:01:18.325-0800 [initandlisten] shutdown: going to close listening sockets...
2014-11-23T22:01:18.325-0800 [initandlisten] shutdown: going to flush diaglog...
2014-11-23T22:01:18.325-0800 [initandlisten] shutdown: going to close sockets...
2014-11-23T22:01:18.325-0800 [initandlisten] shutdown: waiting for fs preallocator...
2014-11-23T22:01:18.325-0800 [initandlisten] shutdown: lock for final commit...
2014-11-23T22:01:18.325-0800 [initandlisten] shutdown: final commit...
2014-11-23T22:01:18.325-0800 [initandlisten] shutdown: closing all files...
2014-11-23T22:01:18.325-0800 [initandlisten] closeAllFiles() finished
2014-11-23T22:01:18.326-0800 [initandlisten] dbexit: really exiting now
